2020-08-08 18:09:29.275  INFO 16256 --- [main] org.eduami.restservice.Application       : Starting Application on LAPTOP-7P654TSH with PID 16256 (C:\vscode\monitor-springboot-logs-with-elk\springbootrestservice\target\classes started by balaj in C:\vscode\monitor-springboot-logs-with-elk\springbootrestservice)
2020-08-08 18:09:29.287  INFO 16256 --- [main] org.eduami.restservice.Application       : No active profile set, falling back to default profiles: default
2020-08-08 18:09:30.276  INFO 16256 --- [main] o.s.b.w.embedded.tomcat.TomcatWebServer  : Tomcat initialized with port(s): 8080 (http)
2020-08-08 18:09:30.287  INFO 16256 --- [main] o.apache.catalina.core.StandardService   : Starting service [Tomcat]
2020-08-08 18:09:30.287  INFO 16256 --- [main] org.apache.catalina.core.StandardEngine  : Starting Servlet engine: [Apache Tomcat/9.0.29]
2020-08-08 18:09:30.363  INFO 16256 --- [main] o.a.c.c.C.[Tomcat].[localhost].[/]       : Initializing Spring embedded WebApplicationContext
2020-08-08 18:09:30.364  INFO 16256 --- [main] o.s.web.context.ContextLoader            : Root WebApplicationContext: initialization completed in 1008 ms
2020-08-08 18:09:30.514  INFO 16256 --- [main] o.s.s.concurrent.ThreadPoolTaskExecutor  : Initializing ExecutorService 'applicationTaskExecutor'
2020-08-08 18:09:30.650  INFO 16256 --- [main] o.apache.catalina.core.StandardService   : Stopping service [Tomcat]
2020-08-08 18:09:30.657  INFO 16256 --- [main] ConditionEvaluationReportLoggingListener : 

Error starting ApplicationContext. To display the conditions report re-run your application with 'debug' enabled.
2020-08-08 18:09:30.659 ERROR 16256 --- [main] o.s.b.d.LoggingFailureAnalysisReporter   : 

***************************
APPLICATION FAILED TO START
***************************

Description:

Web server failed to start. Port 8080 was already in use.

Action:

Identify and stop the process that's listening on port 8080 or configure this application to listen on another port.

2020-08-08 18:09:30.660  INFO 16256 --- [main] o.s.s.concurrent.ThreadPoolTaskExecutor  : Shutting down ExecutorService 'applicationTaskExecutor'
